2011-04-19 12:16:44,926 [logback configurator timer] INFO  o.e.m.l.configuration.LogPlugin - Java properties (ordered by property name):
2011-04-19 12:16:44,949 [logback configurator timer] INFO  o.e.m.l.configuration.LogPlugin -    eclipse.application=org.eclipse.ui.ide.workbench
2011-04-19 12:16:44,950 [logback configurator timer] INFO  o.e.m.l.configuration.LogPlugin -    eclipse.buildId=M20100909-0800
2011-04-19 12:16:44,950 [logback configurator timer] INFO  o.e.m.l.configuration.LogPlugin -    eclipse.commands=-os
linux
-ws
gtk
-arch
x86_64
-showsplash
-launcher
/home/nyxx13/eclipse/eclipse
-name
Eclipse
--launcher.library
/home/nyxx13/eclipse//plugins/org.eclipse.equinox.launcher.gtk.linux.x86_64_1.1.1.R36x_v20100810/eclipse_1309.so
-startup
/home/nyxx13/eclipse//plugins/org.eclipse.equinox.launcher_1.1.0.v20100507.jar
-exitdata
142811f
-product
org.eclipse.epp.package.jee.product
-vm
/usr/bin/java

2011-04-19 12:16:44,950 [logback configurator timer] INFO  o.e.m.l.configuration.LogPlugin -    eclipse.home.location=file:/home/nyxx13/eclipse/
2011-04-19 12:16:44,950 [logback configurator timer] INFO  o.e.m.l.configuration.LogPlugin -    eclipse.launcher=/home/nyxx13/eclipse/eclipse
2011-04-19 12:16:44,950 [logback configurator timer] INFO  o.e.m.l.configuration.LogPlugin -    eclipse.launcher.name=Eclipse
2011-04-19 12:16:44,950 [logback configurator timer] INFO  o.e.m.l.configuration.LogPlugin -    eclipse.p2.data.area=@config.dir/../p2/
2011-04-19 12:16:44,950 [logback configurator timer] INFO  o.e.m.l.configuration.LogPlugin -    eclipse.p2.profile=epp.package.jee
2011-04-19 12:16:44,950 [logback configurator timer] INFO  o.e.m.l.configuration.LogPlugin -    eclipse.product=org.eclipse.epp.package.jee.product
2011-04-19 12:16:44,950 [logback configurator timer] INFO  o.e.m.l.configuration.LogPlugin -    eclipse.startTime=1303226108322
2011-04-19 12:16:44,951 [logback configurator timer] INFO  o.e.m.l.configuration.LogPlugin -    eclipse.vm=/usr/bin/java
2011-04-19 12:16:44,951 [logback configurator timer] INFO  o.e.m.l.configuration.LogPlugin -    eclipse.vmargs=-Dosgi.requiredJavaVersion=1.5
-XX:MaxPermSize=256m
-Xms40m
-Xmx512m
-jar
/home/nyxx13/eclipse//plugins/org.eclipse.equinox.launcher_1.1.0.v20100507.jar

2011-04-19 12:16:44,951 [logback configurator timer] INFO  o.e.m.l.configuration.LogPlugin -    equinox.use.ds=true
2011-04-19 12:16:44,951 [logback configurator timer] INFO  o.e.m.l.configuration.LogPlugin -    file.encoding=UTF-8
2011-04-19 12:16:44,951 [logback configurator timer] INFO  o.e.m.l.configuration.LogPlugin -    file.encoding.pkg=sun.io
2011-04-19 12:16:44,951 [logback configurator timer] INFO  o.e.m.l.configuration.LogPlugin -    file.separator=/
2011-04-19 12:16:44,951 [logback configurator timer] INFO  o.e.m.l.configuration.LogPlugin -    java.awt.graphicsenv=sun.awt.X11GraphicsEnvironment
2011-04-19 12:16:44,952 [logback configurator timer] INFO  o.e.m.l.configuration.LogPlugin -    java.awt.printerjob=sun.print.PSPrinterJob
2011-04-19 12:16:44,952 [logback configurator timer] INFO  o.e.m.l.configuration.LogPlugin -    java.class.path=/home/nyxx13/eclipse//plugins/org.eclipse.equinox.launcher_1.1.0.v20100507.jar
2011-04-19 12:16:44,952 [logback configurator timer] INFO  o.e.m.l.configuration.LogPlugin -    java.class.version=50.0
2011-04-19 12:16:44,952 [logback configurator timer] INFO  o.e.m.l.configuration.LogPlugin -    java.endorsed.dirs=/usr/lib/jvm/java-6-sun-1.6.0.24/jre/lib/endorsed
2011-04-19 12:16:44,952 [logback configurator timer] INFO  o.e.m.l.configuration.LogPlugin -    java.ext.dirs=/usr/lib/jvm/java-6-sun-1.6.0.24/jre/lib/ext:/usr/java/packages/lib/ext
2011-04-19 12:16:44,952 [logback configurator timer] INFO  o.e.m.l.configuration.LogPlugin -    java.home=/usr/lib/jvm/java-6-sun-1.6.0.24/jre
2011-04-19 12:16:44,952 [logback configurator timer] INFO  o.e.m.l.configuration.LogPlugin -    java.io.tmpdir=/tmp
2011-04-19 12:16:44,952 [logback configurator timer] INFO  o.e.m.l.configuration.LogPlugin -    java.library.path=/usr/lib/jvm/java-6-sun-1.6.0.24/jre/lib/amd64/server:/usr/lib/jvm/java-6-sun-1.6.0.24/jre/lib/amd64:/usr/lib/jvm/java-6-sun-1.6.0.24/jre/../lib/amd64:/usr/lib64/xulrunner-addons:/usr/java/packages/lib/amd64:/usr/lib64:/lib64:/lib:/usr/lib
2011-04-19 12:16:44,953 [logback configurator timer] INFO  o.e.m.l.configuration.LogPlugin -    java.runtime.name=Java(TM) SE Runtime Environment
2011-04-19 12:16:44,953 [logback configurator timer] INFO  o.e.m.l.configuration.LogPlugin -    java.runtime.version=1.6.0_24-b07
2011-04-19 12:16:44,953 [logback configurator timer] INFO  o.e.m.l.configuration.LogPlugin -    java.specification.name=Java Platform API Specification
2011-04-19 12:16:44,953 [logback configurator timer] INFO  o.e.m.l.configuration.LogPlugin -    java.specification.vendor=Sun Microsystems Inc.
2011-04-19 12:16:44,953 [logback configurator timer] INFO  o.e.m.l.configuration.LogPlugin -    java.specification.version=1.6
2011-04-19 12:16:44,953 [logback configurator timer] INFO  o.e.m.l.configuration.LogPlugin -    java.vendor=Sun Microsystems Inc.
2011-04-19 12:16:44,953 [logback configurator timer] INFO  o.e.m.l.configuration.LogPlugin -    java.vendor.url=http://java.sun.com/
2011-04-19 12:16:44,953 [logback configurator timer] INFO  o.e.m.l.configuration.LogPlugin -    java.vendor.url.bug=http://java.sun.com/cgi-bin/bugreport.cgi
2011-04-19 12:16:44,953 [logback configurator timer] INFO  o.e.m.l.configuration.LogPlugin -    java.version=1.6.0_24
2011-04-19 12:16:44,954 [logback configurator timer] INFO  o.e.m.l.configuration.LogPlugin -    java.vm.info=mixed mode
2011-04-19 12:16:44,954 [logback configurator timer] INFO  o.e.m.l.configuration.LogPlugin -    java.vm.name=Java HotSpot(TM) 64-Bit Server VM
2011-04-19 12:16:44,954 [logback configurator timer] INFO  o.e.m.l.configuration.LogPlugin -    java.vm.specification.name=Java Virtual Machine Specification
2011-04-19 12:16:44,954 [logback configurator timer] INFO  o.e.m.l.configuration.LogPlugin -    java.vm.specification.vendor=Sun Microsystems Inc.
2011-04-19 12:16:44,962 [logback configurator timer] INFO  o.e.m.l.configuration.LogPlugin -    java.vm.specification.version=1.0
2011-04-19 12:16:44,963 [logback configurator timer] INFO  o.e.m.l.configuration.LogPlugin -    java.vm.vendor=Sun Microsystems Inc.
2011-04-19 12:16:44,963 [logback configurator timer] INFO  o.e.m.l.configuration.LogPlugin -    java.vm.version=19.1-b02
2011-04-19 12:16:44,963 [logback configurator timer] INFO  o.e.m.l.configuration.LogPlugin -    line.separator=

2011-04-19 12:16:44,963 [logback configurator timer] INFO  o.e.m.l.configuration.LogPlugin -    org.eclipse.equinox.launcher.splash.location=/home/nyxx13/eclipse/plugins/org.eclipse.platform_3.6.1.v201009090800/splash.bmp
2011-04-19 12:16:44,963 [logback configurator timer] INFO  o.e.m.l.configuration.LogPlugin -    org.eclipse.equinox.simpleconfigurator.configUrl=file:org.eclipse.equinox.simpleconfigurator/bundles.info
2011-04-19 12:16:44,963 [logback configurator timer] INFO  o.e.m.l.configuration.LogPlugin -    org.eclipse.m2e.log.dir=/home/nyxx13/Fatec/IniciacaoCientifica/NutricaoFuzzy/.metadata/.plugins/org.eclipse.m2e.logback.configuration
2011-04-19 12:16:44,963 [logback configurator timer] INFO  o.e.m.l.configuration.LogPlugin -    org.eclipse.update.reconcile=false
2011-04-19 12:16:44,963 [logback configurator timer] INFO  o.e.m.l.configuration.LogPlugin -    org.osgi.framework.executionenvironment=OSGi/Minimum-1.0,OSGi/Minimum-1.1,OSGi/Minimum-1.2,JRE-1.1,J2SE-1.2,J2SE-1.3,J2SE-1.4,J2SE-1.5,JavaSE-1.6
2011-04-19 12:16:44,963 [logback configurator timer] INFO  o.e.m.l.configuration.LogPlugin -    org.osgi.framework.language=pt
2011-04-19 12:16:44,963 [logback configurator timer] INFO  o.e.m.l.configuration.LogPlugin -    org.osgi.framework.os.name=Linux
2011-04-19 12:16:44,963 [logback configurator timer] INFO  o.e.m.l.configuration.LogPlugin -    org.osgi.framework.os.version=2.6.35
2011-04-19 12:16:44,964 [logback configurator timer] INFO  o.e.m.l.configuration.LogPlugin -    org.osgi.framework.processor=x86-64
2011-04-19 12:16:44,964 [logback configurator timer] INFO  o.e.m.l.configuration.LogPlugin -    org.osgi.framework.system.packages=javax.accessibility,javax.activation,javax.activity,javax.annotation,javax.annotation.processing,javax.crypto,javax.crypto.interfaces,javax.crypto.spec,javax.imageio,javax.imageio.event,javax.imageio.metadata,javax.imageio.plugins.bmp,javax.imageio.plugins.jpeg,javax.imageio.spi,javax.imageio.stream,javax.jws,javax.jws.soap,javax.lang.model,javax.lang.model.element,javax.lang.model.type,javax.lang.model.util,javax.management,javax.management.loading,javax.management.modelmbean,javax.management.monitor,javax.management.openmbean,javax.management.relation,javax.management.remote,javax.management.remote.rmi,javax.management.timer,javax.naming,javax.naming.directory,javax.naming.event,javax.naming.ldap,javax.naming.spi,javax.net,javax.net.ssl,javax.print,javax.print.attribute,javax.print.attribute.standard,javax.print.event,javax.rmi,javax.rmi.CORBA,javax.rmi.ssl,javax.script,javax.security.auth,javax.security.auth.callback,javax.security.auth.kerberos,javax.security.auth.login,javax.security.auth.spi,javax.security.auth.x500,javax.security.cert,javax.security.sasl,javax.sound.midi,javax.sound.midi.spi,javax.sound.sampled,javax.sound.sampled.spi,javax.sql,javax.sql.rowset,javax.sql.rowset.serial,javax.sql.rowset.spi,javax.swing,javax.swing.border,javax.swing.colorchooser,javax.swing.event,javax.swing.filechooser,javax.swing.plaf,javax.swing.plaf.basic,javax.swing.plaf.metal,javax.swing.plaf.multi,javax.swing.plaf.synth,javax.swing.table,javax.swing.text,javax.swing.text.html,javax.swing.text.html.parser,javax.swing.text.rtf,javax.swing.tree,javax.swing.undo,javax.tools,javax.transaction,javax.transaction.xa,javax.xml,javax.xml.bind,javax.xml.bind.annotation,javax.xml.bind.annotation.adapters,javax.xml.bind.attachment,javax.xml.bind.helpers,javax.xml.bind.util,javax.xml.crypto,javax.xml.crypto.dom,javax.xml.crypto.dsig,javax.xml.crypto.dsig.dom,javax.xml.crypto.dsig.keyinfo,javax.xml.crypto.dsig.spec,javax.xml.datatype,javax.xml.namespace,javax.xml.parsers,javax.xml.soap,javax.xml.stream,javax.xml.stream.events,javax.xml.stream.util,javax.xml.transform,javax.xml.transform.dom,javax.xml.transform.sax,javax.xml.transform.stax,javax.xml.transform.stream,javax.xml.validation,javax.xml.ws,javax.xml.ws.handler,javax.xml.ws.handler.soap,javax.xml.ws.http,javax.xml.ws.soap,javax.xml.ws.spi,javax.xml.ws.wsaddressing,javax.xml.xpath,org.ietf.jgss,org.omg.CORBA,org.omg.CORBA_2_3,org.omg.CORBA_2_3.portable,org.omg.CORBA.DynAnyPackage,org.omg.CORBA.ORBPackage,org.omg.CORBA.portable,org.omg.CORBA.TypeCodePackage,org.omg.CosNaming,org.omg.CosNaming.NamingContextExtPackage,org.omg.CosNaming.NamingContextPackage,org.omg.Dynamic,org.omg.DynamicAny,org.omg.DynamicAny.DynAnyFactoryPackage,org.omg.DynamicAny.DynAnyPackage,org.omg.IOP,org.omg.IOP.CodecFactoryPackage,org.omg.IOP.CodecPackage,org.omg.Messaging,org.omg.PortableInterceptor,org.omg.PortableInterceptor.ORBInitInfoPackage,org.omg.PortableServer,org.omg.PortableServer.CurrentPackage,org.omg.PortableServer.POAManagerPackage,org.omg.PortableServer.POAPackage,org.omg.PortableServer.portable,org.omg.PortableServer.ServantLocatorPackage,org.omg.SendingContext,org.omg.stub.java.rmi,org.w3c.dom,org.w3c.dom.bootstrap,org.w3c.dom.css,org.w3c.dom.events,org.w3c.dom.html,org.w3c.dom.ls,org.w3c.dom.ranges,org.w3c.dom.stylesheets,org.w3c.dom.traversal,org.w3c.dom.views,org.w3c.dom.xpath,org.xml.sax,org.xml.sax.ext,org.xml.sax.helpers
2011-04-19 12:16:44,964 [logback configurator timer] INFO  o.e.m.l.configuration.LogPlugin -    org.osgi.framework.vendor=Eclipse
2011-04-19 12:16:44,964 [logback configurator timer] INFO  o.e.m.l.configuration.LogPlugin -    org.osgi.framework.version=1.5.0
2011-04-19 12:16:44,964 [logback configurator timer] INFO  o.e.m.l.configuration.LogPlugin -    org.osgi.supports.framework.extension=true
2011-04-19 12:16:44,964 [logback configurator timer] INFO  o.e.m.l.configuration.LogPlugin -    org.osgi.supports.framework.fragment=true
2011-04-19 12:16:44,964 [logback configurator timer] INFO  o.e.m.l.configuration.LogPlugin -    org.osgi.supports.framework.requirebundle=true
2011-04-19 12:16:44,964 [logback configurator timer] INFO  o.e.m.l.configuration.LogPlugin -    os.arch=amd64
2011-04-19 12:16:44,964 [logback configurator timer] INFO  o.e.m.l.configuration.LogPlugin -    os.name=Linux
2011-04-19 12:16:44,964 [logback configurator timer] INFO  o.e.m.l.configuration.LogPlugin -    os.version=2.6.35-28-generic
2011-04-19 12:16:44,965 [logback configurator timer] INFO  o.e.m.l.configuration.LogPlugin -    osgi.arch=x86_64
2011-04-19 12:16:44,965 [logback configurator timer] INFO  o.e.m.l.configuration.LogPlugin -    osgi.bundles=reference:file:org.eclipse.equinox.simpleconfigurator_1.0.200.v20100503.jar@1:start
2011-04-19 12:16:44,965 [logback configurator timer] INFO  o.e.m.l.configuration.LogPlugin -    osgi.bundles.defaultStartLevel=4
2011-04-19 12:16:44,965 [logback configurator timer] INFO  o.e.m.l.configuration.LogPlugin -    osgi.bundlestore=/home/nyxx13/eclipse/configuration/org.eclipse.osgi/bundles
2011-04-19 12:16:44,965 [logback configurator timer] INFO  o.e.m.l.configuration.LogPlugin -    osgi.configuration.area=file:/home/nyxx13/eclipse/configuration/
2011-04-19 12:16:44,965 [logback configurator timer] INFO  o.e.m.l.configuration.LogPlugin -    osgi.framework=file:/home/nyxx13/eclipse/plugins/org.eclipse.osgi_3.6.1.R36x_v20100806.jar
2011-04-19 12:16:44,965 [logback configurator timer] INFO  o.e.m.l.configuration.LogPlugin -    osgi.framework.extensions=
2011-04-19 12:16:44,965 [logback configurator timer] INFO  o.e.m.l.configuration.LogPlugin -    osgi.framework.shape=jar
2011-04-19 12:16:44,965 [logback configurator timer] INFO  o.e.m.l.configuration.LogPlugin -    osgi.framework.version=3.6.1.R36x_v20100806
2011-04-19 12:16:44,965 [logback configurator timer] INFO  o.e.m.l.configuration.LogPlugin -    osgi.install.area=file:/home/nyxx13/eclipse/
2011-04-19 12:16:44,965 [logback configurator timer] INFO  o.e.m.l.configuration.LogPlugin -    osgi.instance.area=file:/home/nyxx13/Fatec/IniciacaoCientifica/NutricaoFuzzy/
2011-04-19 12:16:44,966 [logback configurator timer] INFO  o.e.m.l.configuration.LogPlugin -    osgi.instance.area.default=file:/home/nyxx13/workspace/
2011-04-19 12:16:44,966 [logback configurator timer] INFO  o.e.m.l.configuration.LogPlugin -    osgi.logfile=/home/nyxx13/Fatec/IniciacaoCientifica/NutricaoFuzzy/.metadata/.log
2011-04-19 12:16:44,966 [logback configurator timer] INFO  o.e.m.l.configuration.LogPlugin -    osgi.manifest.cache=/home/nyxx13/eclipse/configuration/org.eclipse.osgi/manifests
2011-04-19 12:16:44,966 [logback configurator timer] INFO  o.e.m.l.configuration.LogPlugin -    osgi.nl=pt_BR
2011-04-19 12:16:44,966 [logback configurator timer] INFO  o.e.m.l.configuration.LogPlugin -    osgi.os=linux
2011-04-19 12:16:44,967 [logback configurator timer] INFO  o.e.m.l.configuration.LogPlugin -    osgi.requiredJavaVersion=1.5
2011-04-19 12:16:44,967 [logback configurator timer] INFO  o.e.m.l.configuration.LogPlugin -    osgi.splashLocation=/home/nyxx13/eclipse/plugins/org.eclipse.platform_3.6.1.v201009090800/splash.bmp
2011-04-19 12:16:44,967 [logback configurator timer] INFO  o.e.m.l.configuration.LogPlugin -    osgi.splashPath=platform:/base/plugins/org.eclipse.platform
2011-04-19 12:16:44,967 [logback configurator timer] INFO  o.e.m.l.configuration.LogPlugin -    osgi.syspath=/home/nyxx13/eclipse/plugins
2011-04-19 12:16:44,967 [logback configurator timer] INFO  o.e.m.l.configuration.LogPlugin -    osgi.tracefile=/home/nyxx13/Fatec/IniciacaoCientifica/NutricaoFuzzy/.metadata/trace.log
2011-04-19 12:16:44,967 [logback configurator timer] INFO  o.e.m.l.configuration.LogPlugin -    osgi.ws=gtk
2011-04-19 12:16:44,967 [logback configurator timer] INFO  o.e.m.l.configuration.LogPlugin -    path.separator=:
2011-04-19 12:16:44,967 [logback configurator timer] INFO  o.e.m.l.configuration.LogPlugin -    sun.arch.data.model=64
2011-04-19 12:16:44,967 [logback configurator timer] INFO  o.e.m.l.configuration.LogPlugin -    sun.boot.class.path=/usr/lib/jvm/java-6-sun-1.6.0.24/jre/lib/resources.jar:/usr/lib/jvm/java-6-sun-1.6.0.24/jre/lib/rt.jar:/usr/lib/jvm/java-6-sun-1.6.0.24/jre/lib/sunrsasign.jar:/usr/lib/jvm/java-6-sun-1.6.0.24/jre/lib/jsse.jar:/usr/lib/jvm/java-6-sun-1.6.0.24/jre/lib/jce.jar:/usr/lib/jvm/java-6-sun-1.6.0.24/jre/lib/charsets.jar:/usr/lib/jvm/java-6-sun-1.6.0.24/jre/lib/modules/jdk.boot.jar:/usr/lib/jvm/java-6-sun-1.6.0.24/jre/classes
2011-04-19 12:16:44,967 [logback configurator timer] INFO  o.e.m.l.configuration.LogPlugin -    sun.boot.library.path=/usr/lib/jvm/java-6-sun-1.6.0.24/jre/lib/amd64
2011-04-19 12:16:44,967 [logback configurator timer] INFO  o.e.m.l.configuration.LogPlugin -    sun.cpu.endian=little
2011-04-19 12:16:44,968 [logback configurator timer] INFO  o.e.m.l.configuration.LogPlugin -    sun.cpu.isalist=
2011-04-19 12:16:44,968 [logback configurator timer] INFO  o.e.m.l.configuration.LogPlugin -    sun.desktop=gnome
2011-04-19 12:16:44,968 [logback configurator timer] INFO  o.e.m.l.configuration.LogPlugin -    sun.io.unicode.encoding=UnicodeLittle
2011-04-19 12:16:44,968 [logback configurator timer] INFO  o.e.m.l.configuration.LogPlugin -    sun.java.launcher=SUN_STANDARD
2011-04-19 12:16:44,968 [logback configurator timer] INFO  o.e.m.l.configuration.LogPlugin -    sun.jnu.encoding=UTF-8
2011-04-19 12:16:44,968 [logback configurator timer] INFO  o.e.m.l.configuration.LogPlugin -    sun.management.compiler=HotSpot 64-Bit Server Compiler
2011-04-19 12:16:44,968 [logback configurator timer] INFO  o.e.m.l.configuration.LogPlugin -    sun.os.patch.level=unknown
2011-04-19 12:16:44,968 [logback configurator timer] INFO  o.e.m.l.configuration.LogPlugin -    user.country=BR
2011-04-19 12:16:44,968 [logback configurator timer] INFO  o.e.m.l.configuration.LogPlugin -    user.dir=/home/nyxx13
2011-04-19 12:16:44,968 [logback configurator timer] INFO  o.e.m.l.configuration.LogPlugin -    user.home=/home/nyxx13
2011-04-19 12:16:44,968 [logback configurator timer] INFO  o.e.m.l.configuration.LogPlugin -    user.language=pt
2011-04-19 12:16:44,969 [logback configurator timer] INFO  o.e.m.l.configuration.LogPlugin -    user.name=nyxx13
2011-04-19 12:16:44,969 [logback configurator timer] INFO  o.e.m.l.configuration.LogPlugin -    user.timezone=America/Sao_Paulo
2011-04-19 12:17:07,340 [logback configurator timer] INFO  o.e.m.l.configuration.LogPlugin - Java properties (ordered by property name):
2011-04-19 12:17:07,356 [logback configurator timer] INFO  o.e.m.l.configuration.LogPlugin -    eclipse.application=org.eclipse.ui.ide.workbench
2011-04-19 12:17:07,356 [logback configurator timer] INFO  o.e.m.l.configuration.LogPlugin -    eclipse.buildId=M20100909-0800
2011-04-19 12:17:07,357 [logback configurator timer] INFO  o.e.m.l.configuration.LogPlugin -    eclipse.commands=-os
linux
-ws
gtk
-arch
x86_64
-showsplash
-launcher
/home/nyxx13/eclipse/eclipse
-name
Eclipse
--launcher.library
/home/nyxx13/eclipse//plugins/org.eclipse.equinox.launcher.gtk.linux.x86_64_1.1.1.R36x_v20100810/eclipse_1309.so
-startup
/home/nyxx13/eclipse//plugins/org.eclipse.equinox.launcher_1.1.0.v20100507.jar
-exitdata
144811f
-product
org.eclipse.epp.package.jee.product
-vm
/usr/bin/java

2011-04-19 12:17:07,357 [logback configurator timer] INFO  o.e.m.l.configuration.LogPlugin -    eclipse.home.location=file:/home/nyxx13/eclipse/
2011-04-19 12:17:07,357 [logback configurator timer] INFO  o.e.m.l.configuration.LogPlugin -    eclipse.launcher=/home/nyxx13/eclipse/eclipse
2011-04-19 12:17:07,357 [logback configurator timer] INFO  o.e.m.l.configuration.LogPlugin -    eclipse.launcher.name=Eclipse
2011-04-19 12:17:07,357 [logback configurator timer] INFO  o.e.m.l.configuration.LogPlugin -    eclipse.p2.data.area=@config.dir/../p2/
2011-04-19 12:17:07,357 [logback configurator timer] INFO  o.e.m.l.configuration.LogPlugin -    eclipse.p2.profile=epp.package.jee
2011-04-19 12:17:07,357 [logback configurator timer] INFO  o.e.m.l.configuration.LogPlugin -    eclipse.product=org.eclipse.epp.package.jee.product
2011-04-19 12:17:07,357 [logback configurator timer] INFO  o.e.m.l.configuration.LogPlugin -    eclipse.startTime=1303226213861
2011-04-19 12:17:07,357 [logback configurator timer] INFO  o.e.m.l.configuration.LogPlugin -    eclipse.vm=/usr/bin/java
2011-04-19 12:17:07,357 [logback configurator timer] INFO  o.e.m.l.configuration.LogPlugin -    eclipse.vmargs=-Dosgi.requiredJavaVersion=1.5
-XX:MaxPermSize=256m
-Xms40m
-Xmx512m
-jar
/home/nyxx13/eclipse//plugins/org.eclipse.equinox.launcher_1.1.0.v20100507.jar

2011-04-19 12:17:07,357 [logback configurator timer] INFO  o.e.m.l.configuration.LogPlugin -    equinox.use.ds=true
2011-04-19 12:17:07,357 [logback configurator timer] INFO  o.e.m.l.configuration.LogPlugin -    file.encoding=UTF-8
2011-04-19 12:17:07,358 [logback configurator timer] INFO  o.e.m.l.configuration.LogPlugin -    file.encoding.pkg=sun.io
2011-04-19 12:17:07,358 [logback configurator timer] INFO  o.e.m.l.configuration.LogPlugin -    file.separator=/
2011-04-19 12:17:07,358 [logback configurator timer] INFO  o.e.m.l.configuration.LogPlugin -    java.awt.graphicsenv=sun.awt.X11GraphicsEnvironment
2011-04-19 12:17:07,366 [logback configurator timer] INFO  o.e.m.l.configuration.LogPlugin -    java.awt.printerjob=sun.print.PSPrinterJob
2011-04-19 12:17:07,366 [logback configurator timer] INFO  o.e.m.l.configuration.LogPlugin -    java.class.path=/home/nyxx13/eclipse//plugins/org.eclipse.equinox.launcher_1.1.0.v20100507.jar
2011-04-19 12:17:07,366 [logback configurator timer] INFO  o.e.m.l.configuration.LogPlugin -    java.class.version=50.0
2011-04-19 12:17:07,366 [logback configurator timer] INFO  o.e.m.l.configuration.LogPlugin -    java.endorsed.dirs=/usr/lib/jvm/java-6-sun-1.6.0.24/jre/lib/endorsed
2011-04-19 12:17:07,366 [logback configurator timer] INFO  o.e.m.l.configuration.LogPlugin -    java.ext.dirs=/usr/lib/jvm/java-6-sun-1.6.0.24/jre/lib/ext:/usr/java/packages/lib/ext
2011-04-19 12:17:07,366 [logback configurator timer] INFO  o.e.m.l.configuration.LogPlugin -    java.home=/usr/lib/jvm/java-6-sun-1.6.0.24/jre
2011-04-19 12:17:07,366 [logback configurator timer] INFO  o.e.m.l.configuration.LogPlugin -    java.io.tmpdir=/tmp
2011-04-19 12:17:07,366 [logback configurator timer] INFO  o.e.m.l.configuration.LogPlugin -    java.library.path=/usr/lib/jvm/java-6-sun-1.6.0.24/jre/lib/amd64/server:/usr/lib/jvm/java-6-sun-1.6.0.24/jre/lib/amd64:/usr/lib/jvm/java-6-sun-1.6.0.24/jre/../lib/amd64:/usr/lib64/xulrunner-addons:/usr/java/packages/lib/amd64:/usr/lib64:/lib64:/lib:/usr/lib
2011-04-19 12:17:07,366 [logback configurator timer] INFO  o.e.m.l.configuration.LogPlugin -    java.runtime.name=Java(TM) SE Runtime Environment
2011-04-19 12:17:07,367 [logback configurator timer] INFO  o.e.m.l.configuration.LogPlugin -    java.runtime.version=1.6.0_24-b07
2011-04-19 12:17:07,367 [logback configurator timer] INFO  o.e.m.l.configuration.LogPlugin -    java.specification.name=Java Platform API Specification
2011-04-19 12:17:07,367 [logback configurator timer] INFO  o.e.m.l.configuration.LogPlugin -    java.specification.vendor=Sun Microsystems Inc.
2011-04-19 12:17:07,367 [logback configurator timer] INFO  o.e.m.l.configuration.LogPlugin -    java.specification.version=1.6
2011-04-19 12:17:07,367 [logback configurator timer] INFO  o.e.m.l.configuration.LogPlugin -    java.vendor=Sun Microsystems Inc.
2011-04-19 12:17:07,367 [logback configurator timer] INFO  o.e.m.l.configuration.LogPlugin -    java.vendor.url=http://java.sun.com/
2011-04-19 12:17:07,367 [logback configurator timer] INFO  o.e.m.l.configuration.LogPlugin -    java.vendor.url.bug=http://java.sun.com/cgi-bin/bugreport.cgi
2011-04-19 12:17:07,367 [logback configurator timer] INFO  o.e.m.l.configuration.LogPlugin -    java.version=1.6.0_24
2011-04-19 12:17:07,367 [logback configurator timer] INFO  o.e.m.l.configuration.LogPlugin -    java.vm.info=mixed mode
2011-04-19 12:17:07,367 [logback configurator timer] INFO  o.e.m.l.configuration.LogPlugin -    java.vm.name=Java HotSpot(TM) 64-Bit Server VM
2011-04-19 12:17:07,367 [logback configurator timer] INFO  o.e.m.l.configuration.LogPlugin -    java.vm.specification.name=Java Virtual Machine Specification
2011-04-19 12:17:07,368 [logback configurator timer] INFO  o.e.m.l.configuration.LogPlugin -    java.vm.specification.vendor=Sun Microsystems Inc.
2011-04-19 12:17:07,368 [logback configurator timer] INFO  o.e.m.l.configuration.LogPlugin -    java.vm.specification.version=1.0
2011-04-19 12:17:07,368 [logback configurator timer] INFO  o.e.m.l.configuration.LogPlugin -    java.vm.vendor=Sun Microsystems Inc.
2011-04-19 12:17:07,368 [logback configurator timer] INFO  o.e.m.l.configuration.LogPlugin -    java.vm.version=19.1-b02
2011-04-19 12:17:07,368 [logback configurator timer] INFO  o.e.m.l.configuration.LogPlugin -    line.separator=

2011-04-19 12:17:07,368 [logback configurator timer] INFO  o.e.m.l.configuration.LogPlugin -    org.eclipse.equinox.launcher.splash.handle=140475496252256
2011-04-19 12:17:07,368 [logback configurator timer] INFO  o.e.m.l.configuration.LogPlugin -    org.eclipse.equinox.launcher.splash.location=/home/nyxx13/eclipse/plugins/org.eclipse.platform_3.6.1.v201009090800/splash.bmp
2011-04-19 12:17:07,368 [logback configurator timer] INFO  o.e.m.l.configuration.LogPlugin -    org.eclipse.equinox.simpleconfigurator.configUrl=file:org.eclipse.equinox.simpleconfigurator/bundles.info
2011-04-19 12:17:07,368 [logback configurator timer] INFO  o.e.m.l.configuration.LogPlugin -    org.eclipse.m2e.log.dir=/home/nyxx13/Fatec/IniciacaoCientifica/NutricaoFuzzy/.metadata/.plugins/org.eclipse.m2e.logback.configuration
2011-04-19 12:17:07,368 [logback configurator timer] INFO  o.e.m.l.configuration.LogPlugin -    org.eclipse.update.reconcile=false
2011-04-19 12:17:07,369 [logback configurator timer] INFO  o.e.m.l.configuration.LogPlugin -    org.osgi.framework.executionenvironment=OSGi/Minimum-1.0,OSGi/Minimum-1.1,OSGi/Minimum-1.2,JRE-1.1,J2SE-1.2,J2SE-1.3,J2SE-1.4,J2SE-1.5,JavaSE-1.6
2011-04-19 12:17:07,369 [logback configurator timer] INFO  o.e.m.l.configuration.LogPlugin -    org.osgi.framework.language=pt
2011-04-19 12:17:07,369 [logback configurator timer] INFO  o.e.m.l.configuration.LogPlugin -    org.osgi.framework.os.name=Linux
2011-04-19 12:17:07,369 [logback configurator timer] INFO  o.e.m.l.configuration.LogPlugin -    org.osgi.framework.os.version=2.6.35
2011-04-19 12:17:07,369 [logback configurator timer] INFO  o.e.m.l.configuration.LogPlugin -    org.osgi.framework.processor=x86-64
2011-04-19 12:17:07,369 [logback configurator timer] INFO  o.e.m.l.configuration.LogPlugin -    org.osgi.framework.system.packages=javax.accessibility,javax.activation,javax.activity,javax.annotation,javax.annotation.processing,javax.crypto,javax.crypto.interfaces,javax.crypto.spec,javax.imageio,javax.imageio.event,javax.imageio.metadata,javax.imageio.plugins.bmp,javax.imageio.plugins.jpeg,javax.imageio.spi,javax.imageio.stream,javax.jws,javax.jws.soap,javax.lang.model,javax.lang.model.element,javax.lang.model.type,javax.lang.model.util,javax.management,javax.management.loading,javax.management.modelmbean,javax.management.monitor,javax.management.openmbean,javax.management.relation,javax.management.remote,javax.management.remote.rmi,javax.management.timer,javax.naming,javax.naming.directory,javax.naming.event,javax.naming.ldap,javax.naming.spi,javax.net,javax.net.ssl,javax.print,javax.print.attribute,javax.print.attribute.standard,javax.print.event,javax.rmi,javax.rmi.CORBA,javax.rmi.ssl,javax.script,javax.security.auth,javax.security.auth.callback,javax.security.auth.kerberos,javax.security.auth.login,javax.security.auth.spi,javax.security.auth.x500,javax.security.cert,javax.security.sasl,javax.sound.midi,javax.sound.midi.spi,javax.sound.sampled,javax.sound.sampled.spi,javax.sql,javax.sql.rowset,javax.sql.rowset.serial,javax.sql.rowset.spi,javax.swing,javax.swing.border,javax.swing.colorchooser,javax.swing.event,javax.swing.filechooser,javax.swing.plaf,javax.swing.plaf.basic,javax.swing.plaf.metal,javax.swing.plaf.multi,javax.swing.plaf.synth,javax.swing.table,javax.swing.text,javax.swing.text.html,javax.swing.text.html.parser,javax.swing.text.rtf,javax.swing.tree,javax.swing.undo,javax.tools,javax.transaction,javax.transaction.xa,javax.xml,javax.xml.bind,javax.xml.bind.annotation,javax.xml.bind.annotation.adapters,javax.xml.bind.attachment,javax.xml.bind.helpers,javax.xml.bind.util,javax.xml.crypto,javax.xml.crypto.dom,javax.xml.crypto.dsig,javax.xml.crypto.dsig.dom,javax.xml.crypto.dsig.keyinfo,javax.xml.crypto.dsig.spec,javax.xml.datatype,javax.xml.namespace,javax.xml.parsers,javax.xml.soap,javax.xml.stream,javax.xml.stream.events,javax.xml.stream.util,javax.xml.transform,javax.xml.transform.dom,javax.xml.transform.sax,javax.xml.transform.stax,javax.xml.transform.stream,javax.xml.validation,javax.xml.ws,javax.xml.ws.handler,javax.xml.ws.handler.soap,javax.xml.ws.http,javax.xml.ws.soap,javax.xml.ws.spi,javax.xml.ws.wsaddressing,javax.xml.xpath,org.ietf.jgss,org.omg.CORBA,org.omg.CORBA_2_3,org.omg.CORBA_2_3.portable,org.omg.CORBA.DynAnyPackage,org.omg.CORBA.ORBPackage,org.omg.CORBA.portable,org.omg.CORBA.TypeCodePackage,org.omg.CosNaming,org.omg.CosNaming.NamingContextExtPackage,org.omg.CosNaming.NamingContextPackage,org.omg.Dynamic,org.omg.DynamicAny,org.omg.DynamicAny.DynAnyFactoryPackage,org.omg.DynamicAny.DynAnyPackage,org.omg.IOP,org.omg.IOP.CodecFactoryPackage,org.omg.IOP.CodecPackage,org.omg.Messaging,org.omg.PortableInterceptor,org.omg.PortableInterceptor.ORBInitInfoPackage,org.omg.PortableServer,org.omg.PortableServer.CurrentPackage,org.omg.PortableServer.POAManagerPackage,org.omg.PortableServer.POAPackage,org.omg.PortableServer.portable,org.omg.PortableServer.ServantLocatorPackage,org.omg.SendingContext,org.omg.stub.java.rmi,org.w3c.dom,org.w3c.dom.bootstrap,org.w3c.dom.css,org.w3c.dom.events,org.w3c.dom.html,org.w3c.dom.ls,org.w3c.dom.ranges,org.w3c.dom.stylesheets,org.w3c.dom.traversal,org.w3c.dom.views,org.w3c.dom.xpath,org.xml.sax,org.xml.sax.ext,org.xml.sax.helpers
2011-04-19 12:17:07,369 [logback configurator timer] INFO  o.e.m.l.configuration.LogPlugin -    org.osgi.framework.vendor=Eclipse
2011-04-19 12:17:07,369 [logback configurator timer] INFO  o.e.m.l.configuration.LogPlugin -    org.osgi.framework.version=1.5.0
2011-04-19 12:17:07,369 [logback configurator timer] INFO  o.e.m.l.configuration.LogPlugin -    org.osgi.supports.framework.extension=true
2011-04-19 12:17:07,369 [logback configurator timer] INFO  o.e.m.l.configuration.LogPlugin -    org.osgi.supports.framework.fragment=true
2011-04-19 12:17:07,370 [logback configurator timer] INFO  o.e.m.l.configuration.LogPlugin -    org.osgi.supports.framework.requirebundle=true
2011-04-19 12:17:07,370 [logback configurator timer] INFO  o.e.m.l.configuration.LogPlugin -    os.arch=amd64
2011-04-19 12:17:07,370 [logback configurator timer] INFO  o.e.m.l.configuration.LogPlugin -    os.name=Linux
2011-04-19 12:17:07,370 [logback configurator timer] INFO  o.e.m.l.configuration.LogPlugin -    os.version=2.6.35-28-generic
2011-04-19 12:17:07,370 [logback configurator timer] INFO  o.e.m.l.configuration.LogPlugin -    osgi.arch=x86_64
2011-04-19 12:17:07,370 [logback configurator timer] INFO  o.e.m.l.configuration.LogPlugin -    osgi.bundles=reference:file:org.eclipse.equinox.simpleconfigurator_1.0.200.v20100503.jar@1:start
2011-04-19 12:17:07,370 [logback configurator timer] INFO  o.e.m.l.configuration.LogPlugin -    osgi.bundles.defaultStartLevel=4
2011-04-19 12:17:07,370 [logback configurator timer] INFO  o.e.m.l.configuration.LogPlugin -    osgi.bundlestore=/home/nyxx13/eclipse/configuration/org.eclipse.osgi/bundles
2011-04-19 12:17:07,370 [logback configurator timer] INFO  o.e.m.l.configuration.LogPlugin -    osgi.configuration.area=file:/home/nyxx13/eclipse/configuration/
2011-04-19 12:17:07,370 [logback configurator timer] INFO  o.e.m.l.configuration.LogPlugin -    osgi.framework=file:/home/nyxx13/eclipse/plugins/org.eclipse.osgi_3.6.1.R36x_v20100806.jar
2011-04-19 12:17:07,370 [logback configurator timer] INFO  o.e.m.l.configuration.LogPlugin -    osgi.framework.extensions=
2011-04-19 12:17:07,371 [logback configurator timer] INFO  o.e.m.l.configuration.LogPlugin -    osgi.framework.shape=jar
2011-04-19 12:17:07,371 [logback configurator timer] INFO  o.e.m.l.configuration.LogPlugin -    osgi.framework.version=3.6.1.R36x_v20100806
2011-04-19 12:17:07,371 [logback configurator timer] INFO  o.e.m.l.configuration.LogPlugin -    osgi.install.area=file:/home/nyxx13/eclipse/
2011-04-19 12:17:07,371 [logback configurator timer] INFO  o.e.m.l.configuration.LogPlugin -    osgi.instance.area=file:/home/nyxx13/Fatec/IniciacaoCientifica/NutricaoFuzzy/
2011-04-19 12:17:07,371 [logback configurator timer] INFO  o.e.m.l.configuration.LogPlugin -    osgi.instance.area.default=file:/home/nyxx13/workspace/
2011-04-19 12:17:07,371 [logback configurator timer] INFO  o.e.m.l.configuration.LogPlugin -    osgi.logfile=/home/nyxx13/Fatec/IniciacaoCientifica/NutricaoFuzzy/.metadata/.log
2011-04-19 12:17:07,371 [logback configurator timer] INFO  o.e.m.l.configuration.LogPlugin -    osgi.manifest.cache=/home/nyxx13/eclipse/configuration/org.eclipse.osgi/manifests
2011-04-19 12:17:07,371 [logback configurator timer] INFO  o.e.m.l.configuration.LogPlugin -    osgi.nl=pt_BR
2011-04-19 12:17:07,371 [logback configurator timer] INFO  o.e.m.l.configuration.LogPlugin -    osgi.os=linux
2011-04-19 12:17:07,371 [logback configurator timer] INFO  o.e.m.l.configuration.LogPlugin -    osgi.requiredJavaVersion=1.5
2011-04-19 12:17:07,371 [logback configurator timer] INFO  o.e.m.l.configuration.LogPlugin -    osgi.splashLocation=/home/nyxx13/eclipse/plugins/org.eclipse.platform_3.6.1.v201009090800/splash.bmp
2011-04-19 12:17:07,372 [logback configurator timer] INFO  o.e.m.l.configuration.LogPlugin -    osgi.splashPath=platform:/base/plugins/org.eclipse.platform
2011-04-19 12:17:07,372 [logback configurator timer] INFO  o.e.m.l.configuration.LogPlugin -    osgi.syspath=/home/nyxx13/eclipse/plugins
2011-04-19 12:17:07,372 [logback configurator timer] INFO  o.e.m.l.configuration.LogPlugin -    osgi.tracefile=/home/nyxx13/Fatec/IniciacaoCientifica/NutricaoFuzzy/.metadata/trace.log
2011-04-19 12:17:07,372 [logback configurator timer] INFO  o.e.m.l.configuration.LogPlugin -    osgi.ws=gtk
2011-04-19 12:17:07,372 [logback configurator timer] INFO  o.e.m.l.configuration.LogPlugin -    path.separator=:
2011-04-19 12:17:07,372 [logback configurator timer] INFO  o.e.m.l.configuration.LogPlugin -    sun.arch.data.model=64
2011-04-19 12:17:07,372 [logback configurator timer] INFO  o.e.m.l.configuration.LogPlugin -    sun.boot.class.path=/usr/lib/jvm/java-6-sun-1.6.0.24/jre/lib/resources.jar:/usr/lib/jvm/java-6-sun-1.6.0.24/jre/lib/rt.jar:/usr/lib/jvm/java-6-sun-1.6.0.24/jre/lib/sunrsasign.jar:/usr/lib/jvm/java-6-sun-1.6.0.24/jre/lib/jsse.jar:/usr/lib/jvm/java-6-sun-1.6.0.24/jre/lib/jce.jar:/usr/lib/jvm/java-6-sun-1.6.0.24/jre/lib/charsets.jar:/usr/lib/jvm/java-6-sun-1.6.0.24/jre/lib/modules/jdk.boot.jar:/usr/lib/jvm/java-6-sun-1.6.0.24/jre/classes
2011-04-19 12:17:07,372 [logback configurator timer] INFO  o.e.m.l.configuration.LogPlugin -    sun.boot.library.path=/usr/lib/jvm/java-6-sun-1.6.0.24/jre/lib/amd64
2011-04-19 12:17:07,372 [logback configurator timer] INFO  o.e.m.l.configuration.LogPlugin -    sun.cpu.endian=little
2011-04-19 12:17:07,372 [logback configurator timer] INFO  o.e.m.l.configuration.LogPlugin -    sun.cpu.isalist=
2011-04-19 12:17:07,372 [logback configurator timer] INFO  o.e.m.l.configuration.LogPlugin -    sun.desktop=gnome
2011-04-19 12:17:07,373 [logback configurator timer] INFO  o.e.m.l.configuration.LogPlugin -    sun.io.unicode.encoding=UnicodeLittle
2011-04-19 12:17:07,373 [logback configurator timer] INFO  o.e.m.l.configuration.LogPlugin -    sun.java.launcher=SUN_STANDARD
2011-04-19 12:17:07,373 [logback configurator timer] INFO  o.e.m.l.configuration.LogPlugin -    sun.jnu.encoding=UTF-8
2011-04-19 12:17:07,373 [logback configurator timer] INFO  o.e.m.l.configuration.LogPlugin -    sun.management.compiler=HotSpot 64-Bit Server Compiler
2011-04-19 12:17:07,373 [logback configurator timer] INFO  o.e.m.l.configuration.LogPlugin -    sun.os.patch.level=unknown
2011-04-19 12:17:07,373 [logback configurator timer] INFO  o.e.m.l.configuration.LogPlugin -    user.country=BR
2011-04-19 12:17:07,373 [logback configurator timer] INFO  o.e.m.l.configuration.LogPlugin -    user.dir=/home/nyxx13
2011-04-19 12:17:07,373 [logback configurator timer] INFO  o.e.m.l.configuration.LogPlugin -    user.home=/home/nyxx13
2011-04-19 12:17:07,373 [logback configurator timer] INFO  o.e.m.l.configuration.LogPlugin -    user.language=pt
2011-04-19 12:17:07,373 [logback configurator timer] INFO  o.e.m.l.configuration.LogPlugin -    user.name=nyxx13
2011-04-19 12:17:07,374 [logback configurator timer] INFO  o.e.m.l.configuration.LogPlugin -    user.timezone=America/Sao_Paulo
2011-04-19 12:17:28,728 [Worker-4] INFO  o.e.m.c.i.index.NexusIndexManager - Updating index central|http://repo1.maven.org/maven2
2011-04-19 12:17:35,659 [Worker-4] INFO  o.e.m.c.i.index.NexusIndexManager - Updated index for central|http://repo1.maven.org/maven2
2011-04-19 12:17:38,896 [Worker-0] INFO  o.e.m.c.i.p.r.ProjectRegistryRefreshJob - Refreshing [/NutricaoFuzzy/pom.xml]
2011-04-19 12:17:38,912 [Worker-0] INFO  o.e.m.c.u.i.UpdateConfigurationJob - Update started
2011-04-19 12:17:38,912 [Worker-0] INFO  o.e.m.c.u.i.UpdateConfigurationJob - Update completed: 0 sec
2011-04-19 14:58:11,123 [main] INFO  o.e.m.c.i.p.r.ProjectRegistryRefreshJob - Refreshing [/NutricaoFuzzy/pom.xml]
2011-04-19 14:58:12,640 [New I/O client worker #3-1] INFO  o.e.m.c.i.e.AbstractTransferListenerAdapter - Downloading http://repository.prime.com.tr/org/primefaces/primefaces/3.0.M2-SNAPSHOT/maven-metadata.xml
2011-04-19 14:58:12,647 [New I/O client worker #3-1] INFO  o.e.m.c.i.e.AbstractTransferListenerAdapter - Downloaded http://repository.prime.com.tr/org/primefaces/primefaces/3.0.M2-SNAPSHOT/maven-metadata.xml
2011-04-19 14:58:16,323 [New I/O client worker #2-1] INFO  o.e.m.c.i.e.AbstractTransferListenerAdapter - Downloaded http://repository.jboss.org/maven2/org/primefaces/primefaces/3.0.M2-SNAPSHOT/maven-metadata.xml
2011-04-19 14:58:18,541 [New I/O client worker #4-1] INFO  o.e.m.c.i.e.AbstractTransferListenerAdapter - Downloading http://repository.prime.com.tr/org/primefaces/primefaces/3.0.M2-SNAPSHOT/primefaces-3.0.M2-SNAPSHOT.pom
2011-04-19 14:58:19,584 [New I/O client worker #4-1] INFO  o.e.m.c.i.e.AbstractTransferListenerAdapter - Downloaded http://repository.prime.com.tr/org/primefaces/primefaces/3.0.M2-SNAPSHOT/primefaces-3.0.M2-SNAPSHOT.pom
2011-04-19 14:58:20,559 [New I/O client worker #5-1] INFO  o.e.m.c.i.e.AbstractTransferListenerAdapter - Downloading http://repository.prime.com.tr/org/primefaces/primefaces/3.0.M2-SNAPSHOT/primefaces-3.0.M2-SNAPSHOT.jar
2011-04-19 14:58:39,819 [main] DEBUG o.e.m.c.i.e.MavenEmbeddedRuntime - addBundleClasspathEntries(Bundle=org.eclipse.m2e.maven.runtime_0.13.0.201103151108 [776])
2011-04-19 14:58:39,839 [main] DEBUG o.e.m.c.i.e.MavenEmbeddedRuntime - 	Entry:/home/nyxx13/eclipse/plugins/org.eclipse.m2e.maven.runtime_0.13.0.201103151108/local-patches.jar
2011-04-19 14:58:39,839 [main] DEBUG o.e.m.c.i.e.MavenEmbeddedRuntime - 	Entry:/home/nyxx13/eclipse/plugins/org.eclipse.m2e.maven.runtime_0.13.0.201103151108/jars/maven-embedder-3.0.2.jar
2011-04-19 14:58:39,839 [main] DEBUG o.e.m.c.i.e.MavenEmbeddedRuntime - 	Entry:/home/nyxx13/eclipse/plugins/org.eclipse.m2e.maven.runtime_0.13.0.201103151108/jars/maven-settings-3.0.2.jar
2011-04-19 14:58:39,840 [main] DEBUG o.e.m.c.i.e.MavenEmbeddedRuntime - 	Entry:/home/nyxx13/eclipse/plugins/org.eclipse.m2e.maven.runtime_0.13.0.201103151108/jars/maven-plugin-api-3.0.2.jar
2011-04-19 14:58:39,840 [main] DEBUG o.e.m.c.i.e.MavenEmbeddedRuntime - 	Entry:/home/nyxx13/eclipse/plugins/org.eclipse.m2e.maven.runtime_0.13.0.201103151108/jars/maven-model-builder-3.0.2.jar
2011-04-19 14:58:39,840 [main] DEBUG o.e.m.c.i.e.MavenEmbeddedRuntime - 	Entry:/home/nyxx13/eclipse/plugins/org.eclipse.m2e.maven.runtime_0.13.0.201103151108/jars/plexus-sec-dispatcher-1.3.jar
2011-04-19 14:58:39,841 [main] DEBUG o.e.m.c.i.e.MavenEmbeddedRuntime - 	Entry:/home/nyxx13/eclipse/plugins/org.eclipse.m2e.maven.runtime_0.13.0.201103151108/jars/plexus-cipher-1.4.jar
2011-04-19 14:58:39,841 [main] DEBUG o.e.m.c.i.e.MavenEmbeddedRuntime - 	Entry:/home/nyxx13/eclipse/plugins/org.eclipse.m2e.maven.runtime_0.13.0.201103151108/jars/maven-core-3.0.2.jar
2011-04-19 14:58:39,841 [main] DEBUG o.e.m.c.i.e.MavenEmbeddedRuntime - 	Entry:/home/nyxx13/eclipse/plugins/org.eclipse.m2e.maven.runtime_0.13.0.201103151108/jars/maven-model-3.0.2.jar
2011-04-19 14:58:39,841 [main] DEBUG o.e.m.c.i.e.MavenEmbeddedRuntime - 	Entry:/home/nyxx13/eclipse/plugins/org.eclipse.m2e.maven.runtime_0.13.0.201103151108/jars/maven-settings-builder-3.0.2.jar
2011-04-19 14:58:39,842 [main] DEBUG o.e.m.c.i.e.MavenEmbeddedRuntime - 	Entry:/home/nyxx13/eclipse/plugins/org.eclipse.m2e.maven.runtime_0.13.0.201103151108/jars/maven-repository-metadata-3.0.2.jar
2011-04-19 14:58:39,842 [main] DEBUG o.e.m.c.i.e.MavenEmbeddedRuntime - 	Entry:/home/nyxx13/eclipse/plugins/org.eclipse.m2e.maven.runtime_0.13.0.201103151108/jars/maven-artifact-3.0.2.jar
2011-04-19 14:58:39,842 [main] DEBUG o.e.m.c.i.e.MavenEmbeddedRuntime - 	Entry:/home/nyxx13/eclipse/plugins/org.eclipse.m2e.maven.runtime_0.13.0.201103151108/jars/maven-aether-provider-3.0.2.jar
2011-04-19 14:58:39,842 [main] DEBUG o.e.m.c.i.e.MavenEmbeddedRuntime - 	Entry:/home/nyxx13/eclipse/plugins/org.eclipse.m2e.maven.runtime_0.13.0.201103151108/jars/plexus-interpolation-1.14.jar
2011-04-19 14:58:39,843 [main] DEBUG o.e.m.c.i.e.MavenEmbeddedRuntime - 	Entry:/home/nyxx13/eclipse/plugins/org.eclipse.m2e.maven.runtime_0.13.0.201103151108/jars/maven-compat-3.0.2.jar
2011-04-19 14:58:39,843 [main] DEBUG o.e.m.c.i.e.MavenEmbeddedRuntime - 	Entry:/home/nyxx13/eclipse/plugins/org.eclipse.m2e.maven.runtime_0.13.0.201103151108/jars/commons-cli-1.2.jar
2011-04-19 14:58:39,843 [main] DEBUG o.e.m.c.i.e.MavenEmbeddedRuntime - 	Entry:/home/nyxx13/eclipse/plugins/org.eclipse.m2e.maven.runtime_0.13.0.201103151108/jars/wagon-file-1.0-beta-7.jar
2011-04-19 14:58:39,843 [main] DEBUG o.e.m.c.i.e.MavenEmbeddedRuntime - 	Entry:/home/nyxx13/eclipse/plugins/org.eclipse.m2e.maven.runtime_0.13.0.201103151108/jars/guice-plexus-shim-2.0.0.jar
2011-04-19 14:58:39,844 [main] DEBUG o.e.m.c.i.e.MavenEmbeddedRuntime - 	Entry:/home/nyxx13/eclipse/plugins/org.eclipse.m2e.maven.runtime_0.13.0.201103151108/jars/plexus-component-annotations-1.5.5.jar
2011-04-19 14:58:39,844 [main] DEBUG o.e.m.c.i.e.MavenEmbeddedRuntime - 	Entry:/home/nyxx13/eclipse/plugins/org.eclipse.m2e.maven.runtime_0.13.0.201103151108/jars/javax.inject-1.jar
2011-04-19 14:58:39,844 [main] DEBUG o.e.m.c.i.e.MavenEmbeddedRuntime - 	Entry:/home/nyxx13/eclipse/plugins/org.eclipse.m2e.maven.runtime_0.13.0.201103151108/jars/guice-bean-reflect-2.0.0.jar
2011-04-19 14:58:39,844 [main] DEBUG o.e.m.c.i.e.MavenEmbeddedRuntime - 	Entry:/home/nyxx13/eclipse/plugins/org.eclipse.m2e.maven.runtime_0.13.0.201103151108/jars/guice-bean-inject-2.0.0.jar
2011-04-19 14:58:39,844 [main] DEBUG o.e.m.c.i.e.MavenEmbeddedRuntime - 	Entry:/home/nyxx13/eclipse/plugins/org.eclipse.m2e.maven.runtime_0.13.0.201103151108/jars/guice-bean-locators-2.0.0.jar
2011-04-19 14:58:39,845 [main] DEBUG o.e.m.c.i.e.MavenEmbeddedRuntime - 	Entry:/home/nyxx13/eclipse/plugins/org.eclipse.m2e.maven.runtime_0.13.0.201103151108/jars/guice-bean-binders-2.0.0.jar
2011-04-19 14:58:39,845 [main] DEBUG o.e.m.c.i.e.MavenEmbeddedRuntime - 	Entry:/home/nyxx13/eclipse/plugins/org.eclipse.m2e.maven.runtime_0.13.0.201103151108/jars/guice-bean-scanners-2.0.0.jar
2011-04-19 14:58:39,845 [main] DEBUG o.e.m.c.i.e.MavenEmbeddedRuntime - 	Entry:/home/nyxx13/eclipse/plugins/org.eclipse.m2e.maven.runtime_0.13.0.201103151108/jars/guice-bean-converters-2.0.0.jar
2011-04-19 14:58:39,845 [main] DEBUG o.e.m.c.i.e.MavenEmbeddedRuntime - 	Entry:/home/nyxx13/eclipse/plugins/org.eclipse.m2e.maven.runtime_0.13.0.201103151108/jars/guice-plexus-metadata-2.0.0.jar
2011-04-19 14:58:39,846 [main] DEBUG o.e.m.c.i.e.MavenEmbeddedRuntime - 	Entry:/home/nyxx13/eclipse/plugins/org.eclipse.m2e.maven.runtime_0.13.0.201103151108/jars/guice-plexus-converters-2.0.0.jar
2011-04-19 14:58:39,846 [main] DEBUG o.e.m.c.i.e.MavenEmbeddedRuntime - 	Entry:/home/nyxx13/eclipse/plugins/org.eclipse.m2e.maven.runtime_0.13.0.201103151108/jars/guice-plexus-locators-2.0.0.jar
2011-04-19 14:58:39,846 [main] DEBUG o.e.m.c.i.e.MavenEmbeddedRuntime - 	Entry:/home/nyxx13/eclipse/plugins/org.eclipse.m2e.maven.runtime_0.13.0.201103151108/jars/guice-plexus-binders-2.0.0.jar
2011-04-19 14:58:39,847 [main] DEBUG o.e.m.c.i.e.MavenEmbeddedRuntime - 	Entry:/home/nyxx13/eclipse/plugins/org.eclipse.m2e.maven.runtime_0.13.0.201103151108/jars/guice-plexus-scanners-2.0.0.jar
2011-04-19 14:58:39,847 [main] DEBUG o.e.m.c.i.e.MavenEmbeddedRuntime - 	Entry:/home/nyxx13/eclipse/plugins/org.eclipse.m2e.maven.runtime_0.13.0.201103151108/jars/plexus-classworlds-2.4.jar
2011-04-19 14:58:39,847 [main] DEBUG o.e.m.c.i.e.MavenEmbeddedRuntime - 	Entry:/home/nyxx13/eclipse/plugins/org.eclipse.m2e.maven.runtime_0.13.0.201103151108/jars/plexus-utils-2.0.6.jar
2011-04-19 14:58:39,847 [main] DEBUG o.e.m.c.i.e.MavenEmbeddedRuntime - 	Entry:/home/nyxx13/eclipse/plugins/org.eclipse.m2e.maven.runtime_0.13.0.201103151108/jars/sisu-guice-2.9.4-no_aop.jar
2011-04-19 14:58:39,848 [main] DEBUG o.e.m.c.i.e.MavenEmbeddedRuntime - 	Entry:/home/nyxx13/eclipse/plugins/org.eclipse.m2e.maven.runtime_0.13.0.201103151108/jars/plexus-build-api-0.0.7.jar
2011-04-19 14:58:39,848 [main] DEBUG o.e.m.c.i.e.MavenEmbeddedRuntime - 	Entry:/home/nyxx13/eclipse/plugins/org.eclipse.m2e.maven.runtime_0.13.0.201103151108/jars/aether-connector-wagon-1.10.1.jar
2011-04-19 14:58:39,848 [main] DEBUG o.e.m.c.i.e.MavenEmbeddedRuntime - 	Entry:/home/nyxx13/eclipse/plugins/org.eclipse.m2e.maven.runtime_0.13.0.201103151108/jars/aether-api-1.10.1.jar
2011-04-19 14:58:39,848 [main] DEBUG o.e.m.c.i.e.MavenEmbeddedRuntime - 	Entry:/home/nyxx13/eclipse/plugins/org.eclipse.m2e.maven.runtime_0.13.0.201103151108/jars/aether-spi-1.10.1.jar
2011-04-19 14:58:39,849 [main] DEBUG o.e.m.c.i.e.MavenEmbeddedRuntime - 	Entry:/home/nyxx13/eclipse/plugins/org.eclipse.m2e.maven.runtime_0.13.0.201103151108/jars/aether-util-1.10.1.jar
2011-04-19 14:58:39,849 [main] DEBUG o.e.m.c.i.e.MavenEmbeddedRuntime - 	Entry:/home/nyxx13/eclipse/plugins/org.eclipse.m2e.maven.runtime_0.13.0.201103151108/jars/wagon-provider-api-1.0-beta-6.jar
2011-04-19 14:58:39,849 [main] DEBUG o.e.m.c.i.e.MavenEmbeddedRuntime - 	Entry:/home/nyxx13/eclipse/plugins/org.eclipse.m2e.maven.runtime_0.13.0.201103151108/jars/aether-impl-1.10.1.jar
2011-04-19 14:58:39,849 [main] DEBUG o.e.m.c.i.e.MavenEmbeddedRuntime - 	Entry:/home/nyxx13/eclipse/plugins/org.eclipse.m2e.maven.runtime_0.13.0.201103151108/jars/aether-connector-asynchttpclient-1.10.1.jar
2011-04-19 14:58:39,850 [main] DEBUG o.e.m.c.i.e.MavenEmbeddedRuntime - 	Entry:/home/nyxx13/eclipse/plugins/org.eclipse.m2e.maven.runtime_0.13.0.201103151108/jars/wagon-ahc-1.1.0.jar
2011-04-19 14:58:39,851 [main] DEBUG o.e.m.c.i.e.MavenEmbeddedRuntime - addBundleClasspathEntries(Bundle=com.ning.async-http-client_1.6.0 [752])
2011-04-19 14:58:39,884 [main] DEBUG o.e.m.c.i.e.MavenEmbeddedRuntime - 	Entry:/home/nyxx13/eclipse/configuration/org.eclipse.osgi/bundles/752/1/.cp/async-http-client-1.6.0.jar
2011-04-19 14:58:39,885 [main] DEBUG o.e.m.c.i.e.MavenEmbeddedRuntime - addBundleClasspathEntries(Bundle=org.jboss.netty_3.2.4.Final [812])
2011-04-19 14:58:39,907 [main] DEBUG o.e.m.c.i.e.MavenEmbeddedRuntime - 	Entry:/home/nyxx13/eclipse/configuration/org.eclipse.osgi/bundles/812/1/.cp/netty-3.2.4.Final.jar
2011-04-19 14:58:39,907 [main] DEBUG o.e.m.c.i.e.MavenEmbeddedRuntime - addBundleClasspathEntries(Bundle=org.slf4j.api_1.6.1.v20100831-0715 [813])
2011-04-19 14:58:39,947 [main] DEBUG o.e.m.c.i.e.MavenEmbeddedRuntime - 	Entry:/home/nyxx13/eclipse/configuration/org.eclipse.osgi/bundles/813/1/.cp/
2011-04-19 15:02:04,722 [New I/O client worker #5-2] INFO  o.e.m.c.i.e.AbstractTransferListenerAdapter - Downloaded http://repository.prime.com.tr/org/primefaces/primefaces/3.0.M2-SNAPSHOT/primefaces-3.0.M2-SNAPSHOT.jar
2011-04-19 15:20:22,066 [main] INFO  o.e.m.c.i.p.r.ProjectRegistryRefreshJob - Refreshing [/NutricaoFuzzy/pom.xml]
